<?xml version="1.0" encoding="UTF-8"?>
<!-- Generated by org.testng.reporters.JUnitReportReporter -->
<testsuite hostname="Sowmya" failures="0" tests="8" name="com.api.com.APITest.GetUserDetails" time="2.476" errors="0" timestamp="2024-09-27T20:16:57 IST" skipped="0">
  <testcase classname="com.api.com.APITest.GetUserDetails" name="sendAGetRequestAndSendIdsDynamically" time="0.140"/>
  <system-out/>
  <testcase classname="com.api.com.APITest.GetUserDetails" name="verifyResponseHasSupportObjectWhenUserIdsAreSendDynamically" time="0.433"/>
  <system-out/>
  <testcase classname="com.api.com.APITest.GetUserDetails" name="verifyResponseHasSupportObjectWhenUserIdsAreSendDynamically" time="0.508"/>
  <system-out/>
  <testcase classname="com.api.com.APITest.GetUserDetails" name="sendAGetRequestAndSendIdsDynamically" time="0.525"/>
  <system-out/>
  <testcase classname="com.api.com.APITest.GetUserDetails" name="verifyResponseHasSupportObjectWhenUserIdsAreSendDynamically" time="0.137"/>
  <system-out/>
  <testcase classname="com.api.com.APITest.GetUserDetails" name="sendAGetRequestAndSendIdsDynamically" time="0.173"/>
  <system-out/>
  <testcase classname="com.api.com.APITest.GetUserDetails" name="verifyResponseHasSupportObjectWhenUserIdsAreSendDynamically" time="0.133"/>
  <system-out/>
  <testcase classname="com.api.com.APITest.GetUserDetails" name="sendAGetRequestAndSendIdsDynamically" time="0.427"/>
  <system-out/>
</testsuite> <!-- com.api.com.APITest.GetUserDetails -->
